This is pdfTeX, Version 3.14159265-2.6-1.40.18 (TeX Live 2017/Debian) (preloaded format=pdflatex 2019.10.2)  5 MAR 2020 18:39
entering extended mode
 restricted \write18 enabled.
 %&-line parsing enabled.
**MiniProjectReport.tex
(./MiniProjectReport.tex
LaTeX2e <2017-04-15>
Babel <3.18> and hyphenation patterns for 84 language(s) loaded.
(/usr/share/texlive/texmf-dist/tex/latex/base/article.cls
Document Class: article 2014/09/29 v1.4h Standard LaTeX document class
(/usr/share/texlive/texmf-dist/tex/latex/base/size11.clo
File: size11.clo 2014/09/29 v1.4h Standard LaTeX file (size option)
)
\c@part=\count79
\c@section=\count80
\c@subsection=\count81
\c@subsubsection=\count82
\c@paragraph=\count83
\c@subparagraph=\count84
\c@figure=\count85
\c@table=\count86
\abovecaptionskip=\skip41
\belowcaptionskip=\skip42
\bibindent=\dimen102
)
(/usr/share/texlive/texmf-dist/tex/latex/geometry/geometry.sty
Package: geometry 2010/09/12 v5.6 Page Geometry

(/usr/share/texlive/texmf-dist/tex/latex/graphics/keyval.sty
Package: keyval 2014/10/28 v1.15 key=value parser (DPC)
\KV@toks@=\toks14
)
(/usr/share/texlive/texmf-dist/tex/generic/oberdiek/ifpdf.sty
Package: ifpdf 2017/03/15 v3.2 Provides the ifpdf switch
)
(/usr/share/texlive/texmf-dist/tex/generic/oberdiek/ifvtex.sty
Package: ifvtex 2016/05/16 v1.6 Detect VTeX and its facilities (HO)
Package ifvtex Info: VTeX not detected.
)
(/usr/share/texlive/texmf-dist/tex/generic/ifxetex/ifxetex.sty
Package: ifxetex 2010/09/12 v0.6 Provides ifxetex conditional
)
\Gm@cnth=\count87
\Gm@cntv=\count88
\c@Gm@tempcnt=\count89
\Gm@bindingoffset=\dimen103
\Gm@wd@mp=\dimen104
\Gm@odd@mp=\dimen105
\Gm@even@mp=\dimen106
\Gm@layoutwidth=\dimen107
\Gm@layoutheight=\dimen108
\Gm@layouthoffset=\dimen109
\Gm@layoutvoffset=\dimen110
\Gm@dimlist=\toks15
)
(/usr/share/texlive/texmf-dist/tex/latex/graphics/graphicx.sty
Package: graphicx 2017/06/01 v1.1a Enhanced LaTeX Graphics (DPC,SPQR)

(/usr/share/texlive/texmf-dist/tex/latex/graphics/graphics.sty
Package: graphics 2017/06/25 v1.2c Standard LaTeX Graphics (DPC,SPQR)

(/usr/share/texlive/texmf-dist/tex/latex/graphics/trig.sty
Package: trig 2016/01/03 v1.10 sin cos tan (DPC)
)
(/usr/share/texlive/texmf-dist/tex/latex/graphics-cfg/graphics.cfg
File: graphics.cfg 2016/06/04 v1.11 sample graphics configuration
)
Package graphics Info: Driver file: pdftex.def on input line 99.

(/usr/share/texlive/texmf-dist/tex/latex/graphics-def/pdftex.def
File: pdftex.def 2018/01/08 v1.0l Graphics/color driver for pdftex
))
\Gin@req@height=\dimen111
\Gin@req@width=\dimen112
)
(/usr/share/texlive/texmf-dist/tex/latex/pdfpages/pdfpages.sty
Package: pdfpages 2017/10/31 v0.5l Insert pages of external PDF documents (AM)

(/usr/share/texlive/texmf-dist/tex/latex/base/ifthen.sty
Package: ifthen 2014/09/29 v1.1c Standard LaTeX ifthen package (DPC)
)
(/usr/share/texlive/texmf-dist/tex/latex/tools/calc.sty
Package: calc 2014/10/28 v4.3 Infix arithmetic (KKT,FJ)
\calc@Acount=\count90
\calc@Bcount=\count91
\calc@Adimen=\dimen113
\calc@Bdimen=\dimen114
\calc@Askip=\skip43
\calc@Bskip=\skip44
LaTeX Info: Redefining \setlength on input line 80.
LaTeX Info: Redefining \addtolength on input line 81.
\calc@Ccount=\count92
\calc@Cskip=\skip45
)
(/usr/share/texlive/texmf-dist/tex/latex/eso-pic/eso-pic.sty
Package: eso-pic 2015/07/21 v2.0g eso-pic (RN)

(/usr/share/texlive/texmf-dist/tex/generic/oberdiek/atbegshi.sty
Package: atbegshi 2016/06/09 v1.18 At begin shipout hook (HO)

(/usr/share/texlive/texmf-dist/tex/generic/oberdiek/infwarerr.sty
Package: infwarerr 2016/05/16 v1.4 Providing info/warning/error messages (HO)
)
(/usr/share/texlive/texmf-dist/tex/generic/oberdiek/ltxcmds.sty
Package: ltxcmds 2016/05/16 v1.23 LaTeX kernel commands for general use (HO)
))
(/usr/share/texlive/texmf-dist/tex/latex/xcolor/xcolor.sty
Package: xcolor 2016/05/11 v2.12 LaTeX color extensions (UK)

(/usr/share/texlive/texmf-dist/tex/latex/graphics-cfg/color.cfg
File: color.cfg 2016/01/02 v1.6 sample color configuration
)
Package xcolor Info: Driver file: pdftex.def on input line 225.
Package xcolor Info: Model `cmy' substituted by `cmy0' on input line 1348.
Package xcolor Info: Model `hsb' substituted by `rgb' on input line 1352.
Package xcolor Info: Model `RGB' extended on input line 1364.
Package xcolor Info: Model `HTML' substituted by `rgb' on input line 1366.
Package xcolor Info: Model `Hsb' substituted by `hsb' on input line 1367.
Package xcolor Info: Model `tHsb' substituted by `hsb' on input line 1368.
Package xcolor Info: Model `HSB' substituted by `hsb' on input line 1369.
Package xcolor Info: Model `Gray' substituted by `gray' on input line 1370.
Package xcolor Info: Model `wave' substituted by `hsb' on input line 1371.
))
\AM@pagewidth=\dimen115
\AM@pageheight=\dimen116

(/usr/share/texlive/texmf-dist/tex/latex/pdfpages/pppdftex.def
File: pppdftex.def 2017/10/31 v0.5l Pdfpages driver for pdfTeX (AM)
)
\AM@pagebox=\box26
\AM@global@opts=\toks16
\AM@toc@title=\toks17
\c@AM@survey=\count93
\AM@templatesizebox=\box27
)
(/usr/share/texlive/texmf-dist/tex/latex/setspace/setspace.sty
Package: setspace 2011/12/19 v6.7a set line spacing
)
(/usr/share/texlive/texmf-dist/tex/latex/amsmath/amsmath.sty
Package: amsmath 2017/09/02 v2.17a AMS math features
\@mathmargin=\skip46

For additional information on amsmath, use the `?' option.
(/usr/share/texlive/texmf-dist/tex/latex/amsmath/amstext.sty
Package: amstext 2000/06/29 v2.01 AMS text

(/usr/share/texlive/texmf-dist/tex/latex/amsmath/amsgen.sty
File: amsgen.sty 1999/11/30 v2.0 generic functions
\@emptytoks=\toks18
\ex@=\dimen117
))
(/usr/share/texlive/texmf-dist/tex/latex/amsmath/amsbsy.sty
Package: amsbsy 1999/11/29 v1.2d Bold Symbols
\pmbraise@=\dimen118
)
(/usr/share/texlive/texmf-dist/tex/latex/amsmath/amsopn.sty
Package: amsopn 2016/03/08 v2.02 operator names
)
\inf@bad=\count94
LaTeX Info: Redefining \frac on input line 213.
\uproot@=\count95
\leftroot@=\count96
LaTeX Info: Redefining \overline on input line 375.
\classnum@=\count97
\DOTSCASE@=\count98
LaTeX Info: Redefining \ldots on input line 472.
LaTeX Info: Redefining \dots on input line 475.
LaTeX Info: Redefining \cdots on input line 596.
\Mathstrutbox@=\box28
\strutbox@=\box29
\big@size=\dimen119
LaTeX Font Info:    Redeclaring font encoding OML on input line 712.
LaTeX Font Info:    Redeclaring font encoding OMS on input line 713.
\macc@depth=\count99
\c@MaxMatrixCols=\count100
\dotsspace@=\muskip10
\c@parentequation=\count101
\dspbrk@lvl=\count102
\tag@help=\toks19
\row@=\count103
\column@=\count104
\maxfields@=\count105
\andhelp@=\toks20
\eqnshift@=\dimen120
\alignsep@=\dimen121
\tagshift@=\dimen122
\tagwidth@=\dimen123
\totwidth@=\dimen124
\lineht@=\dimen125
\@envbody=\toks21
\multlinegap=\skip47
\multlinetaggap=\skip48
\mathdisplay@stack=\toks22
LaTeX Info: Redefining \[ on input line 2817.
LaTeX Info: Redefining \] on input line 2818.
)
(/usr/share/texlive/texmf-dist/tex/latex/lineno/lineno.sty
Package: lineno 2005/11/02 line numbers on paragraphs v4.41
\linenopenalty=\count106
\output=\toks23
\linenoprevgraf=\count107
\linenumbersep=\dimen126
\linenumberwidth=\dimen127
\c@linenumber=\count108
\c@pagewiselinenumber=\count109
\c@LN@truepage=\count110
\c@internallinenumber=\count111
\c@internallinenumbers=\count112
\quotelinenumbersep=\dimen128
\bframerule=\dimen129
\bframesep=\dimen130
\bframebox=\box30
LaTeX Info: Redefining \\ on input line 3056.
)
(/usr/share/texlive/texmf-dist/tex/latex/booktabs/booktabs.sty
Package: booktabs 2016/04/27 v1.618033 publication quality tables
\heavyrulewidth=\dimen131
\lightrulewidth=\dimen132
\cmidrulewidth=\dimen133
\belowrulesep=\dimen134
\belowbottomsep=\dimen135
\aboverulesep=\dimen136
\abovetopsep=\dimen137
\cmidrulesep=\dimen138
\cmidrulekern=\dimen139
\defaultaddspace=\dimen140
\@cmidla=\count113
\@cmidlb=\count114
\@aboverulesep=\dimen141
\@belowrulesep=\dimen142
\@thisruleclass=\count115
\@lastruleclass=\count116
\@thisrulewidth=\dimen143
)
(/usr/share/texlive/texmf-dist/tex/latex/wrapfig/wrapfig.sty
\wrapoverhang=\dimen144
\WF@size=\dimen145
\c@WF@wrappedlines=\count117
\WF@box=\box31
\WF@everypar=\toks24
Package: wrapfig 2003/01/31  v 3.6
)
(/usr/share/texlive/texmf-dist/tex/latex/biblatex/biblatex.sty
Package: biblatex 2017/12/19 v3.10 programmable bibliographies (PK/JW/AB)

(/usr/share/texlive/texmf-dist/tex/generic/oberdiek/pdftexcmds.sty
Package: pdftexcmds 2018/01/21 v0.26 Utility functions of pdfTeX for LuaTeX (HO
)

(/usr/share/texlive/texmf-dist/tex/generic/oberdiek/ifluatex.sty
Package: ifluatex 2016/05/16 v1.4 Provides the ifluatex switch (HO)
Package ifluatex Info: LuaTeX not detected.
)
Package pdftexcmds Info: LuaTeX not detected.
Package pdftexcmds Info: \pdf@primitive is available.
Package pdftexcmds Info: \pdf@ifprimitive is available.
Package pdftexcmds Info: \pdfdraftmode found.
)
(/usr/share/texlive/texmf-dist/tex/latex/etoolbox/etoolbox.sty
Package: etoolbox 2018/02/11 v2.5e e-TeX tools for LaTeX (JAW)
\etb@tempcnta=\count118
)
(/usr/share/texlive/texmf-dist/tex/latex/oberdiek/kvoptions.sty
Package: kvoptions 2016/05/16 v3.12 Key value format for package options (HO)

(/usr/share/texlive/texmf-dist/tex/generic/oberdiek/kvsetkeys.sty
Package: kvsetkeys 2016/05/16 v1.17 Key value parser (HO)

(/usr/share/texlive/texmf-dist/tex/generic/oberdiek/etexcmds.sty
Package: etexcmds 2016/05/16 v1.6 Avoid name clashes with e-TeX commands (HO)
Package etexcmds Info: Could not find \expanded.
(etexcmds)             That can mean that you are not using pdfTeX 1.50 or
(etexcmds)             that some package has redefined \expanded.
(etexcmds)             In the latter case, load this package earlier.
)))
(/usr/share/texlive/texmf-dist/tex/latex/logreq/logreq.sty
Package: logreq 2010/08/04 v1.0 xml request logger
\lrq@indent=\count119

(/usr/share/texlive/texmf-dist/tex/latex/logreq/logreq.def
File: logreq.def 2010/08/04 v1.0 logreq spec v1.0
))
(/usr/share/texlive/texmf-dist/tex/latex/url/url.sty
\Urlmuskip=\muskip11
Package: url 2013/09/16  ver 3.4  Verb mode for urls, etc.
)
(/usr/share/texlive/texmf-dist/tex/generic/xstring/xstring.sty
(/usr/share/texlive/texmf-dist/tex/generic/xstring/xstring.tex
\@xs@message=\write3
\integerpart=\count120
\decimalpart=\count121
)
Package: xstring 2013/10/13  v1.7c  String manipulations (C Tellechea)
)
\c@tabx@nest=\count122
\c@listtotal=\count123
\c@listcount=\count124
\c@liststart=\count125
\c@liststop=\count126
\c@citecount=\count127
\c@citetotal=\count128
\c@multicitecount=\count129
\c@multicitetotal=\count130
\c@instcount=\count131
\c@maxnames=\count132
\c@minnames=\count133
\c@maxitems=\count134
\c@minitems=\count135
\c@citecounter=\count136
\c@savedcitecounter=\count137
\c@uniquelist=\count138
\c@uniquename=\count139
\c@refsection=\count140
\c@refsegment=\count141
\c@maxextratitle=\count142
\c@maxextratitleyear=\count143
\c@maxextradate=\count144
\c@maxextraalpha=\count145
\c@abbrvpenalty=\count146
\c@highnamepenalty=\count147
\c@lownamepenalty=\count148
\c@maxparens=\count149
\c@parenlevel=\count150
\blx@tempcnta=\count151
\blx@tempcntb=\count152
\blx@tempcntc=\count153
\blx@maxsection=\count154
\blx@maxsegment@0=\count155
\blx@notetype=\count156
\blx@parenlevel@text=\count157
\blx@parenlevel@foot=\count158
\blx@sectionciteorder@0=\count159
\labelnumberwidth=\skip49
\labelalphawidth=\skip50
\biblabelsep=\skip51
\bibitemsep=\skip52
\bibnamesep=\skip53
\bibinitsep=\skip54
\bibparsep=\skip55
\bibhang=\skip56
\blx@bcfin=\read1
\blx@bcfout=\write4
\c@mincomprange=\count160
\c@maxcomprange=\count161
\c@mincompwidth=\count162
Package biblatex Info: Trying to load biblatex default data model...
Package biblatex Info: ... file 'blx-dm.def' found.

(/usr/share/texlive/texmf-dist/tex/latex/biblatex/blx-dm.def)
Package biblatex Info: Trying to load biblatex style data model...
Package biblatex Info: ... file 'authoryear.dbx' not found.
Package biblatex Info: Trying to load biblatex custom data model...
Package biblatex Info: ... file 'biblatex-dm.cfg' not found.
\c@afterword=\count163
\c@savedafterword=\count164
\c@annotator=\count165
\c@savedannotator=\count166
\c@author=\count167
\c@savedauthor=\count168
\c@bookauthor=\count169
\c@savedbookauthor=\count170
\c@commentator=\count171
\c@savedcommentator=\count172
\c@editor=\count173
\c@savededitor=\count174
\c@editora=\count175
\c@savededitora=\count176
\c@editorb=\count177
\c@savededitorb=\count178
\c@editorc=\count179
\c@savededitorc=\count180
\c@foreword=\count181
\c@savedforeword=\count182
\c@holder=\count183
\c@savedholder=\count184
\c@introduction=\count185
\c@savedintroduction=\count186
\c@namea=\count187
\c@savednamea=\count188
\c@nameb=\count189
\c@savednameb=\count190
\c@namec=\count191
\c@savednamec=\count192
\c@translator=\count193
\c@savedtranslator=\count194
\c@shortauthor=\count195
\c@savedshortauthor=\count196
\c@shorteditor=\count197
\c@savedshorteditor=\count198
\c@labelname=\count199
\c@savedlabelname=\count266
\c@institution=\count267
\c@savedinstitution=\count268
\c@lista=\count269
\c@savedlista=\count270
\c@listb=\count271
\c@savedlistb=\count272
\c@listc=\count273
\c@savedlistc=\count274
\c@listd=\count275
\c@savedlistd=\count276
\c@liste=\count277
\c@savedliste=\count278
\c@listf=\count279
\c@savedlistf=\count280
\c@location=\count281
\c@savedlocation=\count282
\c@organization=\count283
\c@savedorganization=\count284
\c@origlocation=\count285
\c@savedoriglocation=\count286
\c@origpublisher=\count287
\c@savedorigpublisher=\count288
\c@publisher=\count289
\c@savedpublisher=\count290
\c@language=\count291
\c@savedlanguage=\count292
\c@origlanguage=\count293
\c@savedoriglanguage=\count294
\c@pageref=\count295
\c@savedpageref=\count296
\shorthandwidth=\skip57
\shortjournalwidth=\skip58
\shortserieswidth=\skip59
\shorttitlewidth=\skip60
\shortauthorwidth=\skip61
\shorteditorwidth=\skip62
Package biblatex Info: Trying to load compatibility code...
Package biblatex Info: ... file 'blx-compat.def' found.

(/usr/share/texlive/texmf-dist/tex/latex/biblatex/blx-compat.def
File: blx-compat.def 2017/12/19 v3.10 biblatex compatibility (PK/JW/AB)
)
Package biblatex Info: Trying to load generic definitions...
Package biblatex Info: ... file 'biblatex.def' found.

(/usr/share/texlive/texmf-dist/tex/latex/biblatex/biblatex.def
File: biblatex.def 2017/12/19 v3.10 biblatex compatibility (PK/JW/AB)
\c@textcitecount=\count297
\c@textcitetotal=\count298
\c@textcitemaxnames=\count299
\c@biburlnumpenalty=\count300
\c@biburlucpenalty=\count301
\c@biburllcpenalty=\count302
\c@smartand=\count303
)
Package biblatex Info: Trying to load bibliography style 'authoryear'...
Package biblatex Info: ... file 'authoryear.bbx' found.

(/usr/share/texlive/texmf-dist/tex/latex/biblatex/bbx/authoryear.bbx
File: authoryear.bbx 2017/12/19 v3.10 biblatex bibliography style (PK/JW/AB)
Package biblatex Info: Trying to load bibliography style 'standard'...
Package biblatex Info: ... file 'standard.bbx' found.

(/usr/share/texlive/texmf-dist/tex/latex/biblatex/bbx/standard.bbx
File: standard.bbx 2017/12/19 v3.10 biblatex bibliography style (PK/JW/AB)
\c@bbx:relatedcount=\count304
\c@bbx:relatedtotal=\count305
))
Package biblatex Info: Trying to load citation style 'authoryear'...
Package biblatex Info: ... file 'authoryear.cbx' found.

(/usr/share/texlive/texmf-dist/tex/latex/biblatex/cbx/authoryear.cbx
File: authoryear.cbx 2017/12/19 v3.10 biblatex citation style (PK/JW/AB)
Package biblatex Info: Redefining '\cite'.
Package biblatex Info: Redefining '\parencite'.
Package biblatex Info: Redefining '\footcite'.
Package biblatex Info: Redefining '\footcitetext'.
Package biblatex Info: Redefining '\smartcite'.
Package biblatex Info: Redefining '\textcite'.
Package biblatex Info: Redefining '\textcites'.
)
Package biblatex Info: Trying to load configuration file...
Package biblatex Info: ... file 'biblatex.cfg' found.

(/usr/share/texlive/texmf-dist/tex/latex/biblatex/biblatex.cfg
File: biblatex.cfg 
))
Package biblatex Info: Trying to load language 'english'...
Package biblatex Info: ... file 'english.lbx' found.

(/usr/share/texlive/texmf-dist/tex/latex/biblatex/lbx/english.lbx
File: english.lbx 2017/12/19 v3.10 biblatex localization (PK/JW/AB)
)
\@quotelevel=\count306
\@quotereset=\count307

(./MiniProjectReport.aux)
\openout1 = `MiniProjectReport.aux'.

LaTeX Font Info:    Checking defaults for OML/cmm/m/it on input line 24.
LaTeX Font Info:    ... okay on input line 24.
LaTeX Font Info:    Checking defaults for T1/cmr/m/n on input line 24.
LaTeX Font Info:    ... okay on input line 24.
LaTeX Font Info:    Checking defaults for OT1/cmr/m/n on input line 24.
LaTeX Font Info:    ... okay on input line 24.
LaTeX Font Info:    Checking defaults for OMS/cmsy/m/n on input line 24.
LaTeX Font Info:    ... okay on input line 24.
LaTeX Font Info:    Checking defaults for OMX/cmex/m/n on input line 24.
LaTeX Font Info:    ... okay on input line 24.
LaTeX Font Info:    Checking defaults for U/cmr/m/n on input line 24.
LaTeX Font Info:    ... okay on input line 24.

*geometry* driver: auto-detecting
*geometry* detected driver: pdftex
*geometry* verbose mode - [ preamble ] result:
* driver: pdftex
* paper: <default>
* layout: <same size as paper>
* layoutoffset:(h,v)=(0.0pt,0.0pt)
* modes: 
* h-part:(L,W,R)=(56.9055pt, 500.484pt, 56.9055pt)
* v-part:(T,H,B)=(56.9055pt, 681.15898pt, 56.9055pt)
* \paperwidth=614.295pt
* \paperheight=794.96999pt
* \textwidth=500.484pt
* \textheight=681.15898pt
* \oddsidemargin=-15.36449pt
* \evensidemargin=-15.36449pt
* \topmargin=-52.36449pt
* \headheight=12.0pt
* \headsep=25.0pt
* \topskip=11.0pt
* \footskip=30.0pt
* \marginparwidth=59.0pt
* \marginparsep=10.0pt
* \columnsep=10.0pt
* \skip\footins=10.0pt plus 4.0pt minus 2.0pt
* \hoffset=0.0pt
* \voffset=0.0pt
* \mag=1000
* \@twocolumnfalse
* \@twosidefalse
* \@mparswitchfalse
* \@reversemarginfalse
* (1in=72.27pt=25.4mm, 1cm=28.453pt)

(/usr/share/texlive/texmf-dist/tex/context/base/mkii/supp-pdf.mkii
[Loading MPS to PDF converter (version 2006.09.02).]
\scratchcounter=\count308
\scratchdimen=\dimen146
\scratchbox=\box32
\nofMPsegments=\count309
\nofMParguments=\count310
\everyMPshowfont=\toks25
\MPscratchCnt=\count311
\MPscratchDim=\dimen147
\MPnumerator=\count312
\makeMPintoPDFobject=\count313
\everyMPtoPDFconversion=\toks26
) (/usr/share/texlive/texmf-dist/tex/latex/oberdiek/epstopdf-base.sty
Package: epstopdf-base 2016/05/15 v2.6 Base part for package epstopdf

(/usr/share/texlive/texmf-dist/tex/latex/oberdiek/grfext.sty
Package: grfext 2016/05/16 v1.2 Manage graphics extensions (HO)

(/usr/share/texlive/texmf-dist/tex/generic/oberdiek/kvdefinekeys.sty
Package: kvdefinekeys 2016/05/16 v1.4 Define keys (HO)
))
Package epstopdf-base Info: Redefining graphics rule for `.eps' on input line 4
38.
Package grfext Info: Graphics extension search list:
(grfext)             [.pdf,.png,.jpg,.mps,.jpeg,.jbig2,.jb2,.PDF,.PNG,.JPG,.JPE
G,.JBIG2,.JB2,.eps]
(grfext)             \AppendGraphicsExtensions on input line 456.

(/usr/share/texlive/texmf-dist/tex/latex/latexconfig/epstopdf-sys.cfg
File: epstopdf-sys.cfg 2010/07/13 v1.3 Configuration of (r)epstopdf for TeX Liv
e
))
\AtBeginShipoutBox=\box33

(/usr/share/texlive/texmf-dist/tex/latex/oberdiek/pdflscape.sty
Package: pdflscape 2016/05/14 v0.11 Display of landscape pages in PDF (HO)

(/usr/share/texlive/texmf-dist/tex/latex/graphics/lscape.sty
Package: lscape 2000/10/22 v3.01 Landscape Pages (DPC)
)
Package pdflscape Info: Auto-detected driver: pdftex on input line 81.
)
Package biblatex Info: No input encoding detected.
(biblatex)             Assuming 'ascii'.
Package biblatex Info: Data encoding 'utf8' specified.
(biblatex)             Backend will reencode on the fly.
\openout4 = `MiniProjectReport.bcf'.

Package biblatex Info: Trying to load bibliographic data...
Package biblatex Info: ... file 'MiniProjectReport.bbl' found.

(./MiniProjectReport.bbl)
Package biblatex Info: Reference section=0 on input line 24.
Package biblatex Info: Reference segment=0 on input line 24.
 (./MiniProjectReport.sum) [1

{/var/lib/texmf/fonts/map/pdftex/updmap/pdftex.map}]
Underfull \hbox (badness 10000) in paragraph at lines 78--79

 []


Underfull \hbox (badness 10000) in paragraph at lines 80--81

 []

[1]
<"../FunctionalResponsesGraph".png, id=13, 1284.8pt x 980.66376pt>
File: "../FunctionalResponsesGraph".png Graphic file (type png)
<use "../FunctionalResponsesGraph".png>
Package pdftex.def Info: "../FunctionalResponsesGraph".png  used on input line 
95.
(pdftex.def)             Requested size: 284.5193pt x 217.16824pt.


LaTeX Warning: `!h' float specifier changed to `!ht'.

[2] [3 <../FunctionalResponsesGraph.png>] [4]
Underfull \hbox (badness 10000) in paragraph at lines 112--113

 []


Underfull \hbox (badness 10000) in paragraph at lines 114--115

 []


Overfull \hbox (18.9699pt too wide) in paragraph at lines 116--117
[]\OT1/cmr/m/n/10.95 Similarly, con-sumer di-men-sion-al-ity (Fig. 4) sig-nif-i
-cantly im-pacted the model se-lec-tion (two-way ANOVA:F$[]$,
 []

[5]
<../results/PhenOrMec.pdf, id=30, 578.16pt x 361.35pt>
File: ../results/PhenOrMec.pdf Graphic file (type pdf)
<use ../results/PhenOrMec.pdf>
Package pdftex.def Info: ../results/PhenOrMec.pdf  used on input line 122.
(pdftex.def)             Requested size: 578.15858pt x 361.34912pt.
File: ../results/PhenOrMec.pdf Graphic file (type pdf)
<use ../results/PhenOrMec.pdf>
Package pdftex.def Info: ../results/PhenOrMec.pdf  used on input line 122.
(pdftex.def)             Requested size: 578.15858pt x 361.34912pt.
<../results/PhenOrMec.pdf, id=33, page=1, 578.16pt x 361.35pt>
File: ../results/PhenOrMec.pdf Graphic file (type pdf)
<use ../results/PhenOrMec.pdf, page 1>
Package pdftex.def Info: ../results/PhenOrMec.pdf , page1 used on input line 12
2.
(pdftex.def)             Requested size: 578.15858pt x 361.34912pt.
File: ../results/PhenOrMec.pdf Graphic file (type pdf)
<use ../results/PhenOrMec.pdf, page 1>
Package pdftex.def Info: ../results/PhenOrMec.pdf , page1 used on input line 12
2.
(pdftex.def)             Requested size: 614.4611pt x 384.0382pt.
File: ../results/PhenOrMec.pdf Graphic file (type pdf)
<use ../results/PhenOrMec.pdf, page 1>
Package pdftex.def Info: ../results/PhenOrMec.pdf , page1 used on input line 12
2.
(pdftex.def)             Requested size: 614.4611pt x 384.0382pt.
File: ../results/PhenOrMec.pdf Graphic file (type pdf)
<use ../results/PhenOrMec.pdf, page 1>
Package pdftex.def Info: ../results/PhenOrMec.pdf , page1 used on input line 12
2.
(pdftex.def)             Requested size: 614.4611pt x 384.0382pt.
File: ../results/PhenOrMec.pdf Graphic file (type pdf)
<use ../results/PhenOrMec.pdf, page 1>
Package pdftex.def Info: ../results/PhenOrMec.pdf , page1 used on input line 12
7.
(pdftex.def)             Requested size: 614.4611pt x 384.0382pt.
 [6 <../results/PhenOrMec.pdf>]
<../results/HabitatCompare.pdf, id=71, 722.7pt x 361.35pt>
File: ../results/HabitatCompare.pdf Graphic file (type pdf)
<use ../results/HabitatCompare.pdf>
Package pdftex.def Info: ../results/HabitatCompare.pdf  used on input line 131.

(pdftex.def)             Requested size: 722.69823pt x 361.34912pt.
File: ../results/HabitatCompare.pdf Graphic file (type pdf)
<use ../results/HabitatCompare.pdf>
Package pdftex.def Info: ../results/HabitatCompare.pdf  used on input line 131.

(pdftex.def)             Requested size: 722.69823pt x 361.34912pt.
<../results/HabitatCompare.pdf, id=74, page=1, 722.7pt x 361.35pt>
File: ../results/HabitatCompare.pdf Graphic file (type pdf)
<use ../results/HabitatCompare.pdf, page 1>
Package pdftex.def Info: ../results/HabitatCompare.pdf , page1 used on input li
ne 131.
(pdftex.def)             Requested size: 722.69823pt x 361.34912pt.
File: ../results/HabitatCompare.pdf Graphic file (type pdf)
<use ../results/HabitatCompare.pdf, page 1>
Package pdftex.def Info: ../results/HabitatCompare.pdf , page1 used on input li
ne 131.
(pdftex.def)             Requested size: 614.88235pt x 307.44118pt.
File: ../results/HabitatCompare.pdf Graphic file (type pdf)
<use ../results/HabitatCompare.pdf, page 1>
Package pdftex.def Info: ../results/HabitatCompare.pdf , page1 used on input li
ne 131.
(pdftex.def)             Requested size: 614.88235pt x 307.44118pt.
File: ../results/HabitatCompare.pdf Graphic file (type pdf)
<use ../results/HabitatCompare.pdf, page 1>
Package pdftex.def Info: ../results/HabitatCompare.pdf , page1 used on input li
ne 131.
(pdftex.def)             Requested size: 614.88235pt x 307.44118pt.
File: ../results/HabitatCompare.pdf Graphic file (type pdf)
<use ../results/HabitatCompare.pdf, page 1>
Package pdftex.def Info: ../results/HabitatCompare.pdf , page1 used on input li
ne 136.
(pdftex.def)             Requested size: 614.88235pt x 307.44118pt.
 [7 <../results/HabitatCompare.pdf>]
<../results/ConDimension.pdf, id=118, 722.7pt x 361.35pt>
File: ../results/ConDimension.pdf Graphic file (type pdf)
<use ../results/ConDimension.pdf>
Package pdftex.def Info: ../results/ConDimension.pdf  used on input line 140.
(pdftex.def)             Requested size: 722.69823pt x 361.34912pt.
File: ../results/ConDimension.pdf Graphic file (type pdf)
<use ../results/ConDimension.pdf>
Package pdftex.def Info: ../results/ConDimension.pdf  used on input line 140.
(pdftex.def)             Requested size: 722.69823pt x 361.34912pt.
<../results/ConDimension.pdf, id=121, page=1, 722.7pt x 361.35pt>
File: ../results/ConDimension.pdf Graphic file (type pdf)
<use ../results/ConDimension.pdf, page 1>
Package pdftex.def Info: ../results/ConDimension.pdf , page1 used on input line
 140.
(pdftex.def)             Requested size: 722.69823pt x 361.34912pt.
File: ../results/ConDimension.pdf Graphic file (type pdf)
<use ../results/ConDimension.pdf, page 1>
Package pdftex.def Info: ../results/ConDimension.pdf , page1 used on input line
 140.
(pdftex.def)             Requested size: 614.88235pt x 307.44118pt.
File: ../results/ConDimension.pdf Graphic file (type pdf)
<use ../results/ConDimension.pdf, page 1>
Package pdftex.def Info: ../results/ConDimension.pdf , page1 used on input line
 140.
(pdftex.def)             Requested size: 614.88235pt x 307.44118pt.
File: ../results/ConDimension.pdf Graphic file (type pdf)
<use ../results/ConDimension.pdf, page 1>
Package pdftex.def Info: ../results/ConDimension.pdf , page1 used on input line
 140.
(pdftex.def)             Requested size: 614.88235pt x 307.44118pt.
File: ../results/ConDimension.pdf Graphic file (type pdf)
<use ../results/ConDimension.pdf, page 1>
Package pdftex.def Info: ../results/ConDimension.pdf , page1 used on input line
 145.
(pdftex.def)             Requested size: 614.88235pt x 307.44118pt.
 [8 <../results/ConDimension.pdf>]
Underfull \hbox (badness 10000) in paragraph at lines 150--151

 []


Underfull \hbox (badness 10000) in paragraph at lines 152--153

 []

Missing character: There is no Â in font cmr10!
Missing character: There is no   in font cmr10!

Underfull \hbox (badness 10000) in paragraph at lines 154--156

 []

Missing character: There is no â in font cmr10!
Missing character: There is no € in font cmr10!
Missing character: There is no “ in font cmr10!

Underfull \hbox (badness 10000) in paragraph at lines 157--158

 []


Underfull \hbox (badness 10000) in paragraph at lines 159--160

 []

[9]
Underfull \hbox (badness 10000) in paragraph at lines 161--162

 []

[10] [11] (./MiniProjectReport.aux)
Package logreq Info: Writing requests to 'MiniProjectReport.run.xml'.
\openout1 = `MiniProjectReport.run.xml'.

 ) 
Here is how much of TeX's memory you used:
 10840 strings out of 492982
 182172 string characters out of 6134896
 604365 words of memory out of 5000000
 14263 multiletter control sequences out of 15000+600000
 9677 words of font info for 35 fonts, out of 8000000 for 9000
 1141 hyphenation exceptions out of 8191
 42i,18n,47p,2285b,1160s stack positions out of 5000i,500n,10000p,200000b,80000s
</usr/share/texlive/texmf-dist/fonts/type1/public/amsfonts/cm/cmbx12.pfb></us
r/share/texlive/texmf-dist/fonts/type1/public/amsfonts/cm/cmcsc10.pfb></usr/sha
re/texlive/texmf-dist/fonts/type1/public/amsfonts/cm/cmmi10.pfb></usr/share/tex
live/texmf-dist/fonts/type1/public/amsfonts/cm/cmr10.pfb></usr/share/texlive/te
xmf-dist/fonts/type1/public/amsfonts/cm/cmr17.pfb></usr/share/texlive/texmf-dis
t/fonts/type1/public/amsfonts/cm/cmr8.pfb></usr/share/texlive/texmf-dist/fonts/
type1/public/amsfonts/cm/cmss8.pfb></usr/share/texlive/texmf-dist/fonts/type1/p
ublic/amsfonts/cm/cmti10.pfb></usr/share/texlive/texmf-dist/fonts/type1/public/
amsfonts/cm/cmtt10.pfb>
Output written on MiniProjectReport.pdf (12 pages, 214139 bytes).
PDF statistics:
 210 PDF objects out of 1000 (max. 8388607)
 74 compressed objects within 1 object stream
 0 named destinations out of 1000 (max. 500000)
 66 words of extra memory for PDF output out of 10000 (max. 10000000)

